Started GET "/order-comparer/index" for ::1 at 2019-11-01 21:19:14 +0700
Processing by OrderComparersController#index as HTML
  Rendering order_comparers/index.html.slim within layouts/application
  Rendered order_comparers/index.html.slim within layouts/application (4.3ms)
[Webpacker] Compiling…
[Webpacker] Compiled all packs in /home/haunguyrn/ruby/Project_Backup/public/packs
[Webpacker] warning ../../package.json: No license field

Completed 200 OK in 15550ms (Views: 15485.7ms)


Started GET "/order-comparer/index" for ::1 at 2019-11-01 21:45:47 +0700
Processing by OrderComparersController#index as HTML
  Rendering order_comparers/index.html.slim within layouts/application
  Rendered order_comparers/index.html.slim within layouts/application (4.8ms)
[Webpacker] Compiling…
[Webpacker] Compiled all packs in /home/haunguyrn/ruby/Project_Backup/public/packs
Completed 200 OK in 4023ms (Views: 4021.3ms)


Started GET "/order-comparer/index" for ::1 at 2019-11-01 21:47:24 +0700
Processing by OrderComparersController#index as HTML
  Rendering order_comparers/index.html.slim within layouts/application
  Rendered order_comparers/index.html.slim within layouts/application (3.2ms)
[Webpacker] Compiling…
[Webpacker] Compiled all packs in /home/haunguyrn/ruby/Project_Backup/public/packs
Completed 200 OK in 3892ms (Views: 3891.3ms)


Started GET "/" for ::1 at 2019-11-01 22:05:43 +0700
Processing by HomeController#index as HTML
Redirected to http://localhost:3000/order-comparer/index
Completed 302 Found in 0ms


Started GET "/order-comparer/index" for ::1 at 2019-11-01 22:05:43 +0700
Processing by OrderComparersController#index as HTML
  Rendering order_comparers/index.html.slim within layouts/application
  Rendered order_comparers/index.html.slim within layouts/application (1.2ms)
[Webpacker] Compiling…
[Webpacker] Compiled all packs in /home/haunguyrn/ruby/Project_Backup/public/packs
Completed 200 OK in 3894ms (Views: 3894.1ms)


Started GET "/order-comparer/index" for ::1 at 2019-11-01 22:06:26 +0700
Processing by OrderComparersController#index as HTML
  Rendering order_comparers/index.html.slim within layouts/application
  Rendered order_comparers/index.html.slim within layouts/application (4.2ms)
Completed 200 OK in 813ms (Views: 753.5ms)


Started GET "/" for ::1 at 2019-11-01 22:06:30 +0700
Processing by HomeController#index as HTML
Redirected to http://localhost:3000/order-comparer/index
Completed 302 Found in 1ms


Started GET "/order-comparer/index" for ::1 at 2019-11-01 22:06:30 +0700
Processing by OrderComparersController#index as HTML
  Rendering order_comparers/index.html.slim within layouts/application
  Rendered order_comparers/index.html.slim within layouts/application (2.1ms)
Completed 200 OK in 108ms (Views: 107.2ms)


Started GET "/order-comparer/index" for ::1 at 2019-11-01 22:13:56 +0700
Processing by OrderComparersController#index as HTML
  Rendering order_comparers/index.html.slim within layouts/application
  Rendered order_comparers/index.html.slim within layouts/application (4.9ms)
[Webpacker] Compiling…
[Webpacker] Compilation failed:

Completed 200 OK in 3954ms (Views: 3952.7ms)


Started GET "/order-comparer/index" for ::1 at 2019-11-01 22:15:37 +0700
Processing by OrderComparersController#index as HTML
  Rendering order_comparers/index.html.slim within layouts/application
  Rendered order_comparers/index.html.slim within layouts/application (4.9ms)
[Webpacker] Compiling…
[Webpacker] Compilation failed:

Completed 200 OK in 3833ms (Views: 3831.5ms)


Started GET "/order-comparer/index" for ::1 at 2019-11-01 22:16:28 +0700
Processing by OrderComparersController#index as HTML
  Rendering order_comparers/index.html.slim within layouts/application
  Rendered order_comparers/index.html.slim within layouts/application (1.1ms)
[Webpacker] Compiling…
[Webpacker] Compiled all packs in /home/haunguyrn/ruby/Project_Backup/public/packs
Completed 200 OK in 3872ms (Views: 3871.6ms)


Started GET "/order-comparer/index" for ::1 at 2019-11-01 22:17:36 +0700
Processing by OrderComparersController#index as HTML
  Rendering order_comparers/index.html.slim within layouts/application
  Rendered order_comparers/index.html.slim within layouts/application (2.3ms)
[Webpacker] Compiling…
[Webpacker] Compiled all packs in /home/haunguyrn/ruby/Project_Backup/public/packs
Completed 200 OK in 3894ms (Views: 3893.2ms)


Started GET "/order-comparer/index" for ::1 at 2019-11-01 22:19:20 +0700
Processing by OrderComparersController#index as HTML
  Rendering order_comparers/index.html.slim within layouts/application
  Rendered order_comparers/index.html.slim within layouts/application (3.6ms)
[Webpacker] Compiling…
[Webpacker] Compiled all packs in /home/haunguyrn/ruby/Project_Backup/public/packs
Completed 200 OK in 3998ms (Views: 3996.8ms)


Started GET "/order-comparer/index" for ::1 at 2019-11-01 22:20:46 +0700
Processing by OrderComparersController#index as HTML
  Rendering order_comparers/index.html.slim within layouts/application
  Rendered order_comparers/index.html.slim within layouts/application (1.2ms)
[Webpacker] Compiling…
[Webpacker] Compiled all packs in /home/haunguyrn/ruby/Project_Backup/public/packs
Completed 200 OK in 3871ms (Views: 3871.1ms)


Started GET "/order-comparer/index" for ::1 at 2019-11-01 22:25:30 +0700
Processing by OrderComparersController#index as HTML
  Rendering order_comparers/index.html.slim within layouts/application
  Rendered order_comparers/index.html.slim within layouts/application (1.1ms)
[Webpacker] Compiling…
[Webpacker] Compiled all packs in /home/haunguyrn/ruby/Project_Backup/public/packs
Completed 200 OK in 3842ms (Views: 3841.2ms)


Started GET "/order-comparer/index" for ::1 at 2019-11-01 22:25:58 +0700
Processing by OrderComparersController#index as HTML
  Rendering order_comparers/index.html.slim within layouts/application
  Rendered order_comparers/index.html.slim within layouts/application (1.2ms)
[Webpacker] Compiling…
[Webpacker] Compiled all packs in /home/haunguyrn/ruby/Project_Backup/public/packs
Completed 200 OK in 3807ms (Views: 3807.2ms)


Started GET "/order-comparer/index" for ::1 at 2019-11-01 22:26:19 +0700
Processing by OrderComparersController#index as HTML
  Rendering order_comparers/index.html.slim within layouts/application
  Rendered order_comparers/index.html.slim within layouts/application (1.7ms)
[Webpacker] Compiling…
[Webpacker] Compiled all packs in /home/haunguyrn/ruby/Project_Backup/public/packs
Completed 200 OK in 3899ms (Views: 3898.5ms)


Started GET "/order-comparer/index" for ::1 at 2019-11-01 22:27:38 +0700
Processing by OrderComparersController#index as HTML
  Rendering order_comparers/index.html.slim within layouts/application
  Rendered order_comparers/index.html.slim within layouts/application (1.4ms)
[Webpacker] Compiling…
[Webpacker] Compiled all packs in /home/haunguyrn/ruby/Project_Backup/public/packs
Completed 200 OK in 3961ms (Views: 3960.7ms)


Started GET "/order-comparer/index" for ::1 at 2019-11-01 22:28:02 +0700
Processing by OrderComparersController#index as HTML
  Rendering order_comparers/index.html.slim within layouts/application
  Rendered order_comparers/index.html.slim within layouts/application (1.4ms)
[Webpacker] Compiling…
[Webpacker] Compiled all packs in /home/haunguyrn/ruby/Project_Backup/public/packs
Completed 200 OK in 3874ms (Views: 3873.4ms)


Started GET "/order-comparer/index" for ::1 at 2019-11-02 14:05:09 +0700
Processing by OrderComparersController#index as HTML
  Rendering order_comparers/index.html.slim within layouts/application
  Rendered order_comparers/index.html.slim within layouts/application (14.8ms)
[Webpacker] Compiling…
[Webpacker] Compiled all packs in /home/haunguyrn/ruby/Project_Backup/public/packs
Completed 200 OK in 7955ms (Views: 7833.3ms)


Started GET "/order-comparer/index" for ::1 at 2019-11-02 14:08:20 +0700
Processing by OrderComparersController#index as HTML
  Rendering order_comparers/index.html.slim within layouts/application
  Rendered order_comparers/index.html.slim within layouts/application (1.1ms)
[Webpacker] Compiling…
[Webpacker] Compiled all packs in /home/haunguyrn/ruby/Project_Backup/public/packs
Completed 200 OK in 3928ms (Views: 3927.9ms)


Started GET "/order-comparer/index" for ::1 at 2019-11-02 14:09:17 +0700
Processing by OrderComparersController#index as HTML
  Rendering order_comparers/index.html.slim within layouts/application
  Rendered order_comparers/index.html.slim within layouts/application (1.1ms)
[Webpacker] Compiling…
[Webpacker] Compiled all packs in /home/haunguyrn/ruby/Project_Backup/public/packs
Completed 200 OK in 3916ms (Views: 3915.7ms)


Started GET "/order-comparer/index" for ::1 at 2019-11-02 14:12:03 +0700
Processing by OrderComparersController#index as HTML
  Rendering order_comparers/index.html.slim within layouts/application
  Rendered order_comparers/index.html.slim within layouts/application (4.8ms)
[Webpacker] Compiling…
[Webpacker] Compiled all packs in /home/haunguyrn/ruby/Project_Backup/public/packs
Completed 200 OK in 4020ms (Views: 4018.4ms)


Started GET "/order-comparer/index" for ::1 at 2019-11-02 14:12:30 +0700
Processing by OrderComparersController#index as HTML
  Rendering order_comparers/index.html.slim within layouts/application
  Rendered order_comparers/index.html.slim within layouts/application (1.0ms)
[Webpacker] Compiling…
[Webpacker] Compiled all packs in /home/haunguyrn/ruby/Project_Backup/public/packs
Completed 200 OK in 4029ms (Views: 4028.3ms)


Started GET "/order-comparer/index" for ::1 at 2019-11-02 14:13:17 +0700
Processing by OrderComparersController#index as HTML
  Rendering order_comparers/index.html.slim within layouts/application
  Rendered order_comparers/index.html.slim within layouts/application (1.8ms)
Completed 200 OK in 83ms (Views: 82.2ms)


Started GET "/order-comparer/index" for ::1 at 2019-11-02 14:13:37 +0700
Processing by OrderComparersController#index as HTML
  Rendering order_comparers/index.html.slim within layouts/application
  Rendered order_comparers/index.html.slim within layouts/application (1.1ms)
[Webpacker] Compiling…
[Webpacker] Compiled all packs in /home/haunguyrn/ruby/Project_Backup/public/packs
Completed 200 OK in 4007ms (Views: 4006.6ms)


Started GET "/order-comparer/index" for ::1 at 2019-11-02 14:20:28 +0700
Processing by OrderComparersController#index as HTML
  Rendering order_comparers/index.html.slim within layouts/application
  Rendered order_comparers/index.html.slim within layouts/application (1.1ms)
[Webpacker] Compiling…
[Webpacker] Compiled all packs in /home/haunguyrn/ruby/Project_Backup/public/packs
Completed 200 OK in 4005ms (Views: 4004.6ms)


Started GET "/order-comparer/index" for ::1 at 2019-11-02 14:20:55 +0700
Processing by OrderComparersController#index as HTML
  Rendering order_comparers/index.html.slim within layouts/application
  Rendered order_comparers/index.html.slim within layouts/application (1.1ms)
[Webpacker] Compiling…
[Webpacker] Compiled all packs in /home/haunguyrn/ruby/Project_Backup/public/packs
Completed 200 OK in 3945ms (Views: 3944.3ms)


Started GET "/order-comparer/index" for ::1 at 2019-11-02 14:24:06 +0700
Processing by OrderComparersController#index as HTML
  Rendering order_comparers/index.html.slim within layouts/application
  Rendered order_comparers/index.html.slim within layouts/application (1.1ms)
[Webpacker] Compiling…
[Webpacker] Compiled all packs in /home/haunguyrn/ruby/Project_Backup/public/packs
Completed 200 OK in 3990ms (Views: 3989.6ms)


Started GET "/movie-cutter/index" for ::1 at 2019-11-02 14:24:44 +0700
  
ActionController::RoutingError (No route matches [GET] "/movie-cutter/index"):
  
actionpack (5.1.7) lib/action_dispatch/middleware/debug_exceptions.rb:63:in `call'
web-console (3.7.0) lib/web_console/middleware.rb:135:in `call_app'
web-console (3.7.0) lib/web_console/middleware.rb:30:in `block in call'
web-console (3.7.0) lib/web_console/middleware.rb:20:in `catch'
web-console (3.7.0) lib/web_console/middleware.rb:20:in `call'
actionpack (5.1.7) lib/action_dispatch/middleware/show_exceptions.rb:31:in `call'
railties (5.1.7) lib/rails/rack/logger.rb:36:in `call_app'
railties (5.1.7) lib/rails/rack/logger.rb:24:in `block in call'
activesupport (5.1.7) lib/active_support/tagged_logging.rb:69:in `block in tagged'
activesupport (5.1.7) lib/active_support/tagged_logging.rb:26:in `tagged'
activesupport (5.1.7) lib/active_support/tagged_logging.rb:69:in `tagged'
railties (5.1.7) lib/rails/rack/logger.rb:24:in `call'
sprockets-rails (3.2.1) lib/sprockets/rails/quiet_assets.rb:13:in `call'
actionpack (5.1.7) lib/action_dispatch/middleware/remote_ip.rb:79:in `call'
actionpack (5.1.7) lib/action_dispatch/middleware/request_id.rb:25:in `call'
rack (2.0.7) lib/rack/method_override.rb:22:in `call'
rack (2.0.7) lib/rack/runtime.rb:22:in `call'
activesupport (5.1.7) lib/active_support/cache/strategy/local_cache_middleware.rb:27:in `call'
actionpack (5.1.7) lib/action_dispatch/middleware/executor.rb:12:in `call'
actionpack (5.1.7) lib/action_dispatch/middleware/static.rb:125:in `call'
rack (2.0.7) lib/rack/sendfile.rb:111:in `call'
webpacker (4.0.7) lib/webpacker/dev_server_proxy.rb:29:in `perform_request'
rack-proxy (0.6.5) lib/rack/proxy.rb:57:in `call'
railties (5.1.7) lib/rails/engine.rb:522:in `call'
puma (3.12.1) lib/puma/configuration.rb:227:in `call'
puma (3.12.1) lib/puma/server.rb:660:in `handle_request'
puma (3.12.1) lib/puma/server.rb:474:in `process_client'
puma (3.12.1) lib/puma/server.rb:334:in `block in run'
puma (3.12.1) lib/puma/thread_pool.rb:135:in `block in spawn_thread'
Started GET "/movie-cutter/index" for ::1 at 2019-11-02 14:24:47 +0700
  
ActionController::RoutingError (No route matches [GET] "/movie-cutter/index"):
  
actionpack (5.1.7) lib/action_dispatch/middleware/debug_exceptions.rb:63:in `call'
web-console (3.7.0) lib/web_console/middleware.rb:135:in `call_app'
web-console (3.7.0) lib/web_console/middleware.rb:30:in `block in call'
web-console (3.7.0) lib/web_console/middleware.rb:20:in `catch'
web-console (3.7.0) lib/web_console/middleware.rb:20:in `call'
actionpack (5.1.7) lib/action_dispatch/middleware/show_exceptions.rb:31:in `call'
railties (5.1.7) lib/rails/rack/logger.rb:36:in `call_app'
railties (5.1.7) lib/rails/rack/logger.rb:24:in `block in call'
activesupport (5.1.7) lib/active_support/tagged_logging.rb:69:in `block in tagged'
activesupport (5.1.7) lib/active_support/tagged_logging.rb:26:in `tagged'
activesupport (5.1.7) lib/active_support/tagged_logging.rb:69:in `tagged'
railties (5.1.7) lib/rails/rack/logger.rb:24:in `call'
sprockets-rails (3.2.1) lib/sprockets/rails/quiet_assets.rb:13:in `call'
actionpack (5.1.7) lib/action_dispatch/middleware/remote_ip.rb:79:in `call'
actionpack (5.1.7) lib/action_dispatch/middleware/request_id.rb:25:in `call'
rack (2.0.7) lib/rack/method_override.rb:22:in `call'
rack (2.0.7) lib/rack/runtime.rb:22:in `call'
activesupport (5.1.7) lib/active_support/cache/strategy/local_cache_middleware.rb:27:in `call'
actionpack (5.1.7) lib/action_dispatch/middleware/executor.rb:12:in `call'
actionpack (5.1.7) lib/action_dispatch/middleware/static.rb:125:in `call'
rack (2.0.7) lib/rack/sendfile.rb:111:in `call'
webpacker (4.0.7) lib/webpacker/dev_server_proxy.rb:29:in `perform_request'
rack-proxy (0.6.5) lib/rack/proxy.rb:57:in `call'
railties (5.1.7) lib/rails/engine.rb:522:in `call'
puma (3.12.1) lib/puma/configuration.rb:227:in `call'
puma (3.12.1) lib/puma/server.rb:660:in `handle_request'
puma (3.12.1) lib/puma/server.rb:474:in `process_client'
puma (3.12.1) lib/puma/server.rb:334:in `block in run'
puma (3.12.1) lib/puma/thread_pool.rb:135:in `block in spawn_thread'
Started GET "/order-comparer/index" for ::1 at 2019-11-02 14:31:25 +0700
Processing by OrderComparersController#index as HTML
  Rendering order_comparers/index.html.slim within layouts/application
  Rendered order_comparers/index.html.slim within layouts/application (1.2ms)
[Webpacker] Compiling…
[Webpacker] Compiled all packs in /home/haunguyrn/ruby/Project_Backup/public/packs
Completed 200 OK in 4018ms (Views: 4017.4ms)


Started GET "/order-comparer/index" for ::1 at 2019-11-02 14:31:59 +0700
Processing by OrderComparersController#index as HTML
  Rendering order_comparers/index.html.slim within layouts/application
  Rendered order_comparers/index.html.slim within layouts/application (1.1ms)
[Webpacker] Compiling…
[Webpacker] Compiled all packs in /home/haunguyrn/ruby/Project_Backup/public/packs
Completed 200 OK in 4025ms (Views: 4025.1ms)


Started GET "/order-comparer/index" for ::1 at 2019-11-02 14:33:41 +0700
Processing by OrderComparersController#index as HTML
  Rendering order_comparers/index.html.slim within layouts/application
  Rendered order_comparers/index.html.slim within layouts/application (2.4ms)
[Webpacker] Compiling…
[Webpacker] Compiled all packs in /home/haunguyrn/ruby/Project_Backup/public/packs
Completed 200 OK in 4053ms (Views: 4052.6ms)


Started GET "/order-comparer/index" for ::1 at 2019-11-02 14:34:49 +0700
Processing by OrderComparersController#index as HTML
  Rendering order_comparers/index.html.slim within layouts/application
  Rendered order_comparers/index.html.slim within layouts/application (1.1ms)
[Webpacker] Compiling…
[Webpacker] Compiled all packs in /home/haunguyrn/ruby/Project_Backup/public/packs
Completed 200 OK in 4098ms (Views: 4097.4ms)


Started GET "/order-comparer/index" for ::1 at 2019-11-02 14:40:32 +0700
Processing by OrderComparersController#index as HTML
  Rendering order_comparers/index.html.slim within layouts/application
  Rendered order_comparers/index.html.slim within layouts/application (1.1ms)
Completed 200 OK in 46ms (Views: 45.8ms)


Started GET "/order-comparer/index" for ::1 at 2019-11-02 14:42:41 +0700
Processing by OrderComparersController#index as HTML
  Rendering order_comparers/index.html.slim within layouts/application
  Rendered order_comparers/index.html.slim within layouts/application (1.0ms)
[Webpacker] Compiling…
[Webpacker] Compiled all packs in /home/haunguyrn/ruby/Project_Backup/public/packs
Completed 200 OK in 3992ms (Views: 3992.1ms)


Started GET "/order-comparer/index" for ::1 at 2019-11-02 14:43:07 +0700
Processing by OrderComparersController#index as HTML
  Rendering order_comparers/index.html.slim within layouts/application
  Rendered order_comparers/index.html.slim within layouts/application (1.1ms)
[Webpacker] Compiling…
[Webpacker] Compiled all packs in /home/haunguyrn/ruby/Project_Backup/public/packs
Completed 200 OK in 4006ms (Views: 4006.2ms)


Started GET "/order-comparer/index" for ::1 at 2019-11-02 14:45:50 +0700
Processing by OrderComparersController#index as HTML
  Rendering order_comparers/index.html.slim within layouts/application
  Rendered order_comparers/index.html.slim within layouts/application (1.1ms)
Completed 200 OK in 35ms (Views: 34.3ms)


Started GET "/order-comparer/index" for ::1 at 2019-11-02 14:51:55 +0700
Processing by OrderComparersController#index as HTML
  Rendering order_comparers/index.html.slim within layouts/application
  Rendered order_comparers/index.html.slim within layouts/application (1.9ms)
Completed 200 OK in 42ms (Views: 41.9ms)


Started GET "/order-comparer/index" for ::1 at 2019-11-02 14:56:28 +0700
Processing by OrderComparersController#index as HTML
  Rendering order_comparers/index.html.slim within layouts/application
  Rendered order_comparers/index.html.slim within layouts/application (1.0ms)
Completed 200 OK in 32ms (Views: 31.9ms)


Started GET "/order-comparer/index" for ::1 at 2019-11-02 14:56:56 +0700
Processing by OrderComparersController#index as HTML
  Rendering order_comparers/index.html.slim within layouts/application
  Rendered order_comparers/index.html.slim within layouts/application (1.1ms)
Completed 200 OK in 43ms (Views: 42.6ms)


Started GET "/order-comparer/index" for ::1 at 2019-11-02 15:01:31 +0700
Processing by OrderComparersController#index as HTML
  Rendering order_comparers/index.html.slim within layouts/application
  Rendered order_comparers/index.html.slim within layouts/application (1.2ms)
[Webpacker] Compiling…
[Webpacker] Compiled all packs in /home/haunguyrn/ruby/Project_Backup/public/packs
Completed 200 OK in 4053ms (Views: 4052.4ms)


Started GET "/order-comparer/index" for ::1 at 2019-11-02 15:02:50 +0700
Processing by OrderComparersController#index as HTML
  Rendering order_comparers/index.html.slim within layouts/application
  Rendered order_comparers/index.html.slim within layouts/application (1.1ms)
[Webpacker] Compiling…
[Webpacker] Compiled all packs in /home/haunguyrn/ruby/Project_Backup/public/packs
Completed 200 OK in 4085ms (Views: 4084.5ms)


Started GET "/order-comparer/index" for ::1 at 2019-11-02 15:07:17 +0700
Processing by OrderComparersController#index as HTML
  Rendering order_comparers/index.html.slim within layouts/application
  Rendered order_comparers/index.html.slim within layouts/application (1.3ms)
[Webpacker] Compiling…
[Webpacker] Compiled all packs in /home/haunguyrn/ruby/Project_Backup/public/packs
Completed 200 OK in 3983ms (Views: 3983.0ms)


Started GET "/order-comparer/index" for ::1 at 2019-11-02 15:08:14 +0700
Processing by OrderComparersController#index as HTML
  Rendering order_comparers/index.html.slim within layouts/application
  Rendered order_comparers/index.html.slim within layouts/application (1.1ms)
[Webpacker] Compiling…
[Webpacker] Compiled all packs in /home/haunguyrn/ruby/Project_Backup/public/packs
Completed 200 OK in 4028ms (Views: 4027.7ms)


Started GET "/order-comparer/index" for ::1 at 2019-11-02 15:10:11 +0700
Processing by OrderComparersController#index as HTML
  Rendering order_comparers/index.html.slim within layouts/application
  Rendered order_comparers/index.html.slim within layouts/application (1.0ms)
Completed 200 OK in 33ms (Views: 32.5ms)


Started GET "/order-comparer/index" for ::1 at 2019-11-02 15:11:15 +0700
Processing by OrderComparersController#index as HTML
  Rendering order_comparers/index.html.slim within layouts/application
  Rendered order_comparers/index.html.slim within layouts/application (1.1ms)
[Webpacker] Compiling…
[Webpacker] Compiled all packs in /home/haunguyrn/ruby/Project_Backup/public/packs
Completed 200 OK in 3961ms (Views: 3960.3ms)


Started GET "/order-comparer/index" for ::1 at 2019-11-02 15:11:46 +0700
Processing by OrderComparersController#index as HTML
  Rendering order_comparers/index.html.slim within layouts/application
  Rendered order_comparers/index.html.slim within layouts/application (1.1ms)
[Webpacker] Compiling…
[Webpacker] Compiled all packs in /home/haunguyrn/ruby/Project_Backup/public/packs
Completed 200 OK in 4067ms (Views: 4066.7ms)


Started GET "/order-comparer/index" for ::1 at 2019-11-02 15:12:05 +0700
Processing by OrderComparersController#index as HTML
  Rendering order_comparers/index.html.slim within layouts/application
  Rendered order_comparers/index.html.slim within layouts/application (1.3ms)
[Webpacker] Compiling…
[Webpacker] Compiled all packs in /home/haunguyrn/ruby/Project_Backup/public/packs
Completed 200 OK in 3950ms (Views: 3950.0ms)


Started GET "/order-comparer/index" for ::1 at 2019-11-02 15:12:29 +0700
Processing by OrderComparersController#index as HTML
  Rendering order_comparers/index.html.slim within layouts/application
  Rendered order_comparers/index.html.slim within layouts/application (1.0ms)
Completed 200 OK in 32ms (Views: 31.8ms)


Started GET "/order-comparer/index" for ::1 at 2019-11-02 15:12:38 +0700
Processing by OrderComparersController#index as HTML
  Rendering order_comparers/index.html.slim within layouts/application
  Rendered order_comparers/index.html.slim within layouts/application (1.0ms)
[Webpacker] Compiling…
[Webpacker] Compiled all packs in /home/haunguyrn/ruby/Project_Backup/public/packs
Completed 200 OK in 3945ms (Views: 3944.6ms)


Started GET "/order-comparer/index" for ::1 at 2019-11-02 15:13:00 +0700
Processing by OrderComparersController#index as HTML
  Rendering order_comparers/index.html.slim within layouts/application
  Rendered order_comparers/index.html.slim within layouts/application (1.1ms)
Completed 200 OK in 32ms (Views: 31.7ms)


Started GET "/order-comparer/index" for ::1 at 2019-11-02 15:13:28 +0700
Processing by OrderComparersController#index as HTML
  Rendering order_comparers/index.html.slim within layouts/application
  Rendered order_comparers/index.html.slim within layouts/application (1.2ms)
[Webpacker] Compiling…
[Webpacker] Compiled all packs in /home/haunguyrn/ruby/Project_Backup/public/packs
Completed 200 OK in 4016ms (Views: 4015.9ms)


Started GET "/order-comparer/index" for ::1 at 2019-11-02 15:23:36 +0700
Processing by OrderComparersController#index as HTML
  Rendering order_comparers/index.html.slim within layouts/application
  Rendered order_comparers/index.html.slim within layouts/application (1.7ms)
Completed 200 OK in 45ms (Views: 44.8ms)


Started GET "/order-comparer/index" for ::1 at 2019-11-02 15:24:46 +0700
Processing by OrderComparersController#index as HTML
  Rendering order_comparers/index.html.slim within layouts/application
  Rendered order_comparers/index.html.slim within layouts/application (1.6ms)
Completed 200 OK in 51ms (Views: 50.5ms)


Started GET "/order-comparer/index" for ::1 at 2019-11-02 15:48:46 +0700
Processing by OrderComparersController#index as HTML
  Rendering order_comparers/index.html.slim within layouts/application
  Rendered order_comparers/index.html.slim within layouts/application (1.1ms)
[Webpacker] Compiling…
[Webpacker] Compilation failed:

Completed 200 OK in 4085ms (Views: 4084.7ms)


Started GET "/order-comparer/index" for ::1 at 2019-11-02 15:53:20 +0700
Processing by OrderComparersController#index as HTML
  Rendering order_comparers/index.html.slim within layouts/application
  Rendered order_comparers/index.html.slim within layouts/application (1.5ms)
[Webpacker] Compiling…
[Webpacker] Compiled all packs in /home/haunguyrn/ruby/Project_Backup/public/packs
Completed 200 OK in 3972ms (Views: 3971.9ms)


Started GET "/order-comparer/index" for ::1 at 2019-11-02 15:55:40 +0700
Processing by OrderComparersController#index as HTML
  Rendering order_comparers/index.html.slim within layouts/application
  Rendered order_comparers/index.html.slim within layouts/application (1.3ms)
[Webpacker] Compiling…
[Webpacker] Compiled all packs in /home/haunguyrn/ruby/Project_Backup/public/packs
Completed 200 OK in 4067ms (Views: 4066.2ms)


Started GET "/order-comparer/index" for ::1 at 2019-11-02 15:56:29 +0700
Processing by OrderComparersController#index as HTML
  Rendering order_comparers/index.html.slim within layouts/application
  Rendered order_comparers/index.html.slim within layouts/application (1.3ms)
Completed 200 OK in 37ms (Views: 36.8ms)


Started GET "/order-comparer/index" for ::1 at 2019-11-02 15:56:31 +0700
Processing by OrderComparersController#index as HTML
  Rendering order_comparers/index.html.slim within layouts/application
  Rendered order_comparers/index.html.slim within layouts/application (1.8ms)
Completed 200 OK in 51ms (Views: 50.1ms)


Started GET "/order-comparer/index" for ::1 at 2019-11-02 15:57:17 +0700
Processing by OrderComparersController#index as HTML
  Rendering order_comparers/index.html.slim within layouts/application
  Rendered order_comparers/index.html.slim within layouts/application (1.2ms)
[Webpacker] Compiling…
[Webpacker] Compiled all packs in /home/haunguyrn/ruby/Project_Backup/public/packs
Completed 200 OK in 4127ms (Views: 4126.4ms)


Started GET "/order-comparer/index" for ::1 at 2019-11-02 15:58:04 +0700
Processing by OrderComparersController#index as HTML
  Rendering order_comparers/index.html.slim within layouts/application
  Rendered order_comparers/index.html.slim within layouts/application (1.2ms)
[Webpacker] Compiling…
[Webpacker] Compiled all packs in /home/haunguyrn/ruby/Project_Backup/public/packs
Completed 200 OK in 4051ms (Views: 4050.8ms)


Started GET "/order-comparer/index" for ::1 at 2019-11-02 16:00:15 +0700
Processing by OrderComparersController#index as HTML
  Rendering order_comparers/index.html.slim within layouts/application
  Rendered order_comparers/index.html.slim within layouts/application (1.2ms)
[Webpacker] Compiling…
[Webpacker] Compiled all packs in /home/haunguyrn/ruby/Project_Backup/public/packs
Completed 200 OK in 3936ms (Views: 3935.9ms)


Started GET "/order-comparer/index" for ::1 at 2019-11-02 16:02:11 +0700
Processing by OrderComparersController#index as HTML
  Rendering order_comparers/index.html.slim within layouts/application
  Rendered order_comparers/index.html.slim within layouts/application (1.2ms)
Completed 200 OK in 44ms (Views: 43.8ms)


Started GET "/order-comparer/index" for ::1 at 2019-11-02 16:55:08 +0700
Processing by OrderComparersController#index as HTML
  Rendering order_comparers/index.html.slim within layouts/application
  Rendered order_comparers/index.html.slim within layouts/application (4.9ms)
[Webpacker] Compiling…
[Webpacker] Compiled all packs in /home/haunguyrn/ruby/Project_Backup/public/packs
Completed 200 OK in 4325ms (Views: 4323.5ms)


Started GET "/order-comparer/index" for ::1 at 2019-11-02 16:56:25 +0700
Processing by OrderComparersController#index as HTML
  Rendering order_comparers/index.html.slim within layouts/application
  Rendered order_comparers/index.html.slim within layouts/application (4.3ms)
[Webpacker] Compiling…
[Webpacker] Compiled all packs in /home/haunguyrn/ruby/Project_Backup/public/packs
Completed 200 OK in 5049ms (Views: 4995.6ms)


Started GET "/order-comparer/index" for ::1 at 2019-11-02 16:58:00 +0700
Processing by OrderComparersController#index as HTML
  Rendering order_comparers/index.html.slim within layouts/application
  Rendered order_comparers/index.html.slim within layouts/application (2.7ms)
[Webpacker] Compiling…
[Webpacker] Compiled all packs in /home/haunguyrn/ruby/Project_Backup/public/packs
Completed 200 OK in 6572ms (Views: 6571.5ms)


Started GET "/order-comparer/index" for ::1 at 2019-11-02 17:00:05 +0700
Processing by OrderComparersController#index as HTML
  Rendering order_comparers/index.html.slim within layouts/application
  Rendered order_comparers/index.html.slim within layouts/application (1.2ms)
[Webpacker] Compiling…
[Webpacker] Compiled all packs in /home/haunguyrn/ruby/Project_Backup/public/packs
Completed 200 OK in 4076ms (Views: 4075.9ms)


Started GET "/order-comparer/index" for ::1 at 2019-11-02 17:03:30 +0700
Processing by OrderComparersController#index as HTML
  Rendering order_comparers/index.html.slim within layouts/application
  Rendered order_comparers/index.html.slim within layouts/application (1.1ms)
[Webpacker] Compiling…
[Webpacker] Compiled all packs in /home/haunguyrn/ruby/Project_Backup/public/packs
Completed 200 OK in 4073ms (Views: 4073.1ms)


Started GET "/order-comparer/index" for ::1 at 2019-11-02 17:05:05 +0700
Processing by OrderComparersController#index as HTML
  Rendering order_comparers/index.html.slim within layouts/application
  Rendered order_comparers/index.html.slim within layouts/application (1.3ms)
[Webpacker] Compiling…
[Webpacker] Compiled all packs in /home/haunguyrn/ruby/Project_Backup/public/packs
Completed 200 OK in 4376ms (Views: 4376.2ms)


Started GET "/order-comparer/index" for ::1 at 2019-11-02 17:05:50 +0700
Processing by OrderComparersController#index as HTML
  Rendering order_comparers/index.html.slim within layouts/application
  Rendered order_comparers/index.html.slim within layouts/application (2.0ms)
[Webpacker] Compiling…
[Webpacker] Compiled all packs in /home/haunguyrn/ruby/Project_Backup/public/packs
Completed 200 OK in 4437ms (Views: 4436.7ms)


Started GET "/order-comparer/index" for ::1 at 2019-11-02 17:13:26 +0700
Processing by OrderComparersController#index as HTML
  Rendering order_comparers/index.html.slim within layouts/application
  Rendered order_comparers/index.html.slim within layouts/application (1.2ms)
[Webpacker] Compiling…
[Webpacker] Compiled all packs in /home/haunguyrn/ruby/Project_Backup/public/packs
Completed 200 OK in 4044ms (Views: 4042.9ms)


Started GET "/order-comparer/index" for ::1 at 2019-11-02 17:14:29 +0700
Processing by OrderComparersController#index as HTML
  Rendering order_comparers/index.html.slim within layouts/application
  Rendered order_comparers/index.html.slim within layouts/application (1.5ms)
[Webpacker] Compiling…
[Webpacker] Compiled all packs in /home/haunguyrn/ruby/Project_Backup/public/packs
Completed 200 OK in 4023ms (Views: 4022.7ms)


Started GET "/order-comparer/index" for ::1 at 2019-11-02 17:15:01 +0700
Processing by OrderComparersController#index as HTML
  Rendering order_comparers/index.html.slim within layouts/application
  Rendered order_comparers/index.html.slim within layouts/application (1.1ms)
Completed 200 OK in 34ms (Views: 33.7ms)


Started GET "/order-comparer/index" for ::1 at 2019-11-02 17:15:31 +0700
Processing by OrderComparersController#index as HTML
  Rendering order_comparers/index.html.slim within layouts/application
  Rendered order_comparers/index.html.slim within layouts/application (1.2ms)
[Webpacker] Compiling…
[Webpacker] Compiled all packs in /home/haunguyrn/ruby/Project_Backup/public/packs
Completed 200 OK in 4391ms (Views: 4390.1ms)


Started GET "/order-comparer/index" for ::1 at 2019-11-02 17:29:35 +0700
Processing by OrderComparersController#index as HTML
  Rendering order_comparers/index.html.slim within layouts/application
  Rendered order_comparers/index.html.slim within layouts/application (1.2ms)
[Webpacker] Compiling…
[Webpacker] Compiled all packs in /home/haunguyrn/ruby/Project_Backup/public/packs
Completed 200 OK in 4011ms (Views: 4010.5ms)


Started GET "/order-comparer/index" for ::1 at 2019-11-02 17:31:06 +0700
Processing by OrderComparersController#index as HTML
  Rendering order_comparers/index.html.slim within layouts/application
  Rendered order_comparers/index.html.slim within layouts/application (1.2ms)
[Webpacker] Compiling…
[Webpacker] Compiled all packs in /home/haunguyrn/ruby/Project_Backup/public/packs
Completed 200 OK in 4020ms (Views: 4020.1ms)


Started GET "/order-comparer/index" for ::1 at 2019-11-02 17:32:14 +0700
Processing by OrderComparersController#index as HTML
  Rendering order_comparers/index.html.slim within layouts/application
  Rendered order_comparers/index.html.slim within layouts/application (1.1ms)
[Webpacker] Compiling…
[Webpacker] Compiled all packs in /home/haunguyrn/ruby/Project_Backup/public/packs
Completed 200 OK in 3875ms (Views: 3875.2ms)


Started GET "/order-comparer/index" for ::1 at 2019-11-02 17:39:22 +0700
Processing by OrderComparersController#index as HTML
  Rendering order_comparers/index.html.slim within layouts/application
  Rendered order_comparers/index.html.slim within layouts/application (1.3ms)
Completed 200 OK in 45ms (Views: 44.4ms)


Started GET "/order-comparer/index" for ::1 at 2019-11-02 17:49:01 +0700
Processing by OrderComparersController#index as HTML
  Rendering order_comparers/index.html.slim within layouts/application
  Rendered order_comparers/index.html.slim within layouts/application (1.3ms)
[Webpacker] Compiling…
[Webpacker] Compiled all packs in /home/haunguyrn/ruby/Project_Backup/public/packs
Completed 200 OK in 4088ms (Views: 4088.0ms)


Started GET "/order-comparer/index" for ::1 at 2019-11-02 17:49:57 +0700
Processing by OrderComparersController#index as HTML
  Rendering order_comparers/index.html.slim within layouts/application
  Rendered order_comparers/index.html.slim within layouts/application (5.0ms)
[Webpacker] Compiling…
[Webpacker] Compiled all packs in /home/haunguyrn/ruby/Project_Backup/public/packs
Completed 200 OK in 4135ms (Views: 4133.4ms)


Started GET "/order-comparer/index" for ::1 at 2019-11-02 18:02:32 +0700
Processing by OrderComparersController#index as HTML
  Rendering order_comparers/index.html.slim within layouts/application
  Rendered order_comparers/index.html.slim within layouts/application (1.2ms)
[Webpacker] Compiling…
[Webpacker] Compiled all packs in /home/haunguyrn/ruby/Project_Backup/public/packs
Completed 200 OK in 4076ms (Views: 4076.0ms)


Started GET "/order-comparer/index" for ::1 at 2019-11-02 18:03:17 +0700
Processing by OrderComparersController#index as HTML
  Rendering order_comparers/index.html.slim within layouts/application
  Rendered order_comparers/index.html.slim within layouts/application (11.0ms)
Completed 200 OK in 45ms (Views: 45.1ms)


Started GET "/order-comparer/index" for ::1 at 2019-11-02 18:06:22 +0700
Processing by OrderComparersController#index as HTML
  Rendering order_comparers/index.html.slim within layouts/application
  Rendered order_comparers/index.html.slim within layouts/application (4.8ms)
[Webpacker] Compiling…
[Webpacker] Compiled all packs in /home/haunguyrn/ruby/Project_Backup/public/packs
Completed 200 OK in 4106ms (Views: 4105.2ms)


Started GET "/order-comparer/index" for ::1 at 2019-11-02 18:06:48 +0700
Processing by OrderComparersController#index as HTML
  Rendering order_comparers/index.html.slim within layouts/application
  Rendered order_comparers/index.html.slim within layouts/application (4.1ms)
[Webpacker] Compiling…
[Webpacker] Compiled all packs in /home/haunguyrn/ruby/Project_Backup/public/packs
Completed 200 OK in 4834ms (Views: 4770.0ms)


Started GET "/order-comparer/index" for ::1 at 2019-11-02 18:20:31 +0700
Processing by OrderComparersController#index as HTML
  Rendering order_comparers/index.html.slim within layouts/application
  Rendered order_comparers/index.html.slim within layouts/application (1.2ms)
[Webpacker] Compiling…
[Webpacker] Compiled all packs in /home/haunguyrn/ruby/Project_Backup/public/packs
Completed 200 OK in 4237ms (Views: 4236.9ms)


Started GET "/order-comparer/index" for ::1 at 2019-11-02 18:24:20 +0700
Processing by OrderComparersController#index as HTML
  Rendering order_comparers/index.html.slim within layouts/application
  Rendered order_comparers/index.html.slim within layouts/application (1.2ms)
[Webpacker] Compiling…
[Webpacker] Compiled all packs in /home/haunguyrn/ruby/Project_Backup/public/packs
Completed 200 OK in 4075ms (Views: 4074.6ms)


Started GET "/order-comparer/index" for ::1 at 2019-11-02 18:24:54 +0700
Processing by OrderComparersController#index as HTML
  Rendering order_comparers/index.html.slim within layouts/application
  Rendered order_comparers/index.html.slim within layouts/application (2.2ms)
[Webpacker] Compiling…
[Webpacker] Compiled all packs in /home/haunguyrn/ruby/Project_Backup/public/packs
Completed 200 OK in 4093ms (Views: 4092.6ms)


Started GET "/order-comparer/index" for ::1 at 2019-11-02 18:26:42 +0700
Processing by OrderComparersController#index as HTML
  Rendering order_comparers/index.html.slim within layouts/application
  Rendered order_comparers/index.html.slim within layouts/application (2.2ms)
[Webpacker] Compiling…
[Webpacker] Compiled all packs in /home/haunguyrn/ruby/Project_Backup/public/packs
Completed 200 OK in 4073ms (Views: 4072.0ms)


Started GET "/order-comparer/index" for ::1 at 2019-11-02 18:28:47 +0700
Processing by OrderComparersController#index as HTML
  Rendering order_comparers/index.html.slim within layouts/application
  Rendered order_comparers/index.html.slim within layouts/application (1.1ms)
[Webpacker] Compiling…
[Webpacker] Compilation failed:

Completed 200 OK in 3921ms (Views: 3921.0ms)


Started GET "/order-comparer/index" for ::1 at 2019-11-02 18:30:01 +0700
Processing by OrderComparersController#index as HTML
  Rendering order_comparers/index.html.slim within layouts/application
  Rendered order_comparers/index.html.slim within layouts/application (2.1ms)
[Webpacker] Compiling…
[Webpacker] Compiled all packs in /home/haunguyrn/ruby/Project_Backup/public/packs
Completed 200 OK in 4068ms (Views: 4067.8ms)


Started GET "/order-comparer/index" for ::1 at 2019-11-02 18:33:38 +0700
Processing by OrderComparersController#index as HTML
  Rendering order_comparers/index.html.slim within layouts/application
  Rendered order_comparers/index.html.slim within layouts/application (4.8ms)
[Webpacker] Compiling…
[Webpacker] Compiled all packs in /home/haunguyrn/ruby/Project_Backup/public/packs
Completed 200 OK in 4037ms (Views: 4036.2ms)


Started GET "/order-comparer/index" for ::1 at 2019-11-02 18:36:09 +0700
Processing by OrderComparersController#index as HTML
  Rendering order_comparers/index.html.slim within layouts/application
  Rendered order_comparers/index.html.slim within layouts/application (4.7ms)
[Webpacker] Compiling…
[Webpacker] Compiled all packs in /home/haunguyrn/ruby/Project_Backup/public/packs
Completed 200 OK in 4131ms (Views: 4129.7ms)


Started GET "/order-comparer/index" for ::1 at 2019-11-02 18:37:54 +0700
Processing by OrderComparersController#index as HTML
  Rendering order_comparers/index.html.slim within layouts/application
  Rendered order_comparers/index.html.slim within layouts/application (1.3ms)
[Webpacker] Compiling…
[Webpacker] Compiled all packs in /home/haunguyrn/ruby/Project_Backup/public/packs
Completed 200 OK in 4029ms (Views: 4028.9ms)


Started GET "/order-comparer/index" for ::1 at 2019-11-02 18:39:34 +0700
Processing by OrderComparersController#index as HTML
  Rendering order_comparers/index.html.slim within layouts/application
  Rendered order_comparers/index.html.slim within layouts/application (1.0ms)
[Webpacker] Compiling…
[Webpacker] Compiled all packs in /home/haunguyrn/ruby/Project_Backup/public/packs
Completed 200 OK in 4065ms (Views: 4064.8ms)


Started GET "/order-comparer/index" for ::1 at 2019-11-02 18:40:30 +0700
Processing by OrderComparersController#index as HTML
  Rendering order_comparers/index.html.slim within layouts/application
  Rendered order_comparers/index.html.slim within layouts/application (1.2ms)
[Webpacker] Compiling…
[Webpacker] Compiled all packs in /home/haunguyrn/ruby/Project_Backup/public/packs
Completed 200 OK in 4006ms (Views: 4005.5ms)


Started GET "/order-comparer/index" for ::1 at 2019-11-02 18:46:34 +0700
Processing by OrderComparersController#index as HTML
  Rendering order_comparers/index.html.slim within layouts/application
  Rendered order_comparers/index.html.slim within layouts/application (1.1ms)
[Webpacker] Compiling…
[Webpacker] Compiled all packs in /home/haunguyrn/ruby/Project_Backup/public/packs
Completed 200 OK in 4036ms (Views: 4036.0ms)


Started GET "/order-comparer/index" for ::1 at 2019-11-02 19:23:58 +0700
Processing by OrderComparersController#index as HTML
  Rendering order_comparers/index.html.slim within layouts/application
  Rendered order_comparers/index.html.slim within layouts/application (1.1ms)
[Webpacker] Compiling…
[Webpacker] Compiled all packs in /home/haunguyrn/ruby/Project_Backup/public/packs
Completed 200 OK in 4287ms (Views: 4286.9ms)


Started GET "/order-comparer/index" for ::1 at 2019-11-02 19:24:47 +0700
Processing by OrderComparersController#index as HTML
  Rendering order_comparers/index.html.slim within layouts/application
  Rendered order_comparers/index.html.slim within layouts/application (1.2ms)
[Webpacker] Compiling…
[Webpacker] Compiled all packs in /home/haunguyrn/ruby/Project_Backup/public/packs
Completed 200 OK in 4063ms (Views: 4062.7ms)


Started GET "/order-comparer/index" for ::1 at 2019-11-02 19:27:07 +0700
Processing by OrderComparersController#index as HTML
  Rendering order_comparers/index.html.slim within layouts/application
  Rendered order_comparers/index.html.slim within layouts/application (3.3ms)
[Webpacker] Compiling…
[Webpacker] Compiled all packs in /home/haunguyrn/ruby/Project_Backup/public/packs
Completed 200 OK in 4123ms (Views: 4122.2ms)


Started GET "/order-comparer/index" for ::1 at 2019-11-02 19:27:39 +0700
Processing by OrderComparersController#index as HTML
  Rendering order_comparers/index.html.slim within layouts/application
  Rendered order_comparers/index.html.slim within layouts/application (1.1ms)
[Webpacker] Compiling…
[Webpacker] Compiled all packs in /home/haunguyrn/ruby/Project_Backup/public/packs
Completed 200 OK in 4158ms (Views: 4157.2ms)


Started GET "/order-comparer/index" for ::1 at 2019-11-02 19:37:27 +0700
Processing by OrderComparersController#index as HTML
  Rendering order_comparers/index.html.slim within layouts/application
  Rendered order_comparers/index.html.slim within layouts/application (1.1ms)
[Webpacker] Compiling…
[Webpacker] Compiled all packs in /home/haunguyrn/ruby/Project_Backup/public/packs
Completed 200 OK in 4067ms (Views: 4066.4ms)


Started GET "/order-comparer/index" for ::1 at 2019-11-02 19:43:29 +0700
Processing by OrderComparersController#index as HTML
  Rendering order_comparers/index.html.slim within layouts/application
  Rendered order_comparers/index.html.slim within layouts/application (1.1ms)
[Webpacker] Compiling…
[Webpacker] Compiled all packs in /home/haunguyrn/ruby/Project_Backup/public/packs
Completed 200 OK in 4090ms (Views: 4089.6ms)


Started GET "/order-comparer/index" for ::1 at 2019-11-02 19:44:40 +0700
Processing by OrderComparersController#index as HTML
  Rendering order_comparers/index.html.slim within layouts/application
  Rendered order_comparers/index.html.slim within layouts/application (1.4ms)
[Webpacker] Compiling…
[Webpacker] Compiled all packs in /home/haunguyrn/ruby/Project_Backup/public/packs
Completed 200 OK in 4155ms (Views: 4154.3ms)


Started GET "/order-comparer/index" for ::1 at 2019-11-02 19:47:34 +0700
Processing by OrderComparersController#index as HTML
  Rendering order_comparers/index.html.slim within layouts/application
  Rendered order_comparers/index.html.slim within layouts/application (5.8ms)
[Webpacker] Compiling…
[Webpacker] Compiled all packs in /home/haunguyrn/ruby/Project_Backup/public/packs
Completed 200 OK in 4185ms (Views: 4183.9ms)


Started GET "/order-comparer/index" for ::1 at 2019-11-02 19:47:41 +0700
Processing by OrderComparersController#index as HTML
  Rendering order_comparers/index.html.slim within layouts/application
  Rendered order_comparers/index.html.slim within layouts/application (1.2ms)
Completed 200 OK in 34ms (Views: 33.6ms)


Started GET "/order-comparer/index" for ::1 at 2019-11-02 19:48:04 +0700
Processing by OrderComparersController#index as HTML
  Rendering order_comparers/index.html.slim within layouts/application
  Rendered order_comparers/index.html.slim within layouts/application (1.1ms)
Completed 200 OK in 46ms (Views: 45.6ms)


Started GET "/order-comparer/index" for ::1 at 2019-11-02 19:48:17 +0700
Processing by OrderComparersController#index as HTML
  Rendering order_comparers/index.html.slim within layouts/application
  Rendered order_comparers/index.html.slim within layouts/application (4.8ms)
[Webpacker] Compiling…
[Webpacker] Compiled all packs in /home/haunguyrn/ruby/Project_Backup/public/packs
Completed 200 OK in 4115ms (Views: 4114.1ms)


Started GET "/order-comparer/index" for ::1 at 2019-11-02 19:49:58 +0700
Processing by OrderComparersController#index as HTML
  Rendering order_comparers/index.html.slim within layouts/application
  Rendered order_comparers/index.html.slim within layouts/application (1.3ms)
Completed 200 OK in 44ms (Views: 43.6ms)


Started GET "/order-comparer/index" for ::1 at 2019-11-02 19:54:13 +0700
Processing by OrderComparersController#index as HTML
  Rendering order_comparers/index.html.slim within layouts/application
  Rendered order_comparers/index.html.slim within layouts/application (2.5ms)
[Webpacker] Compiling…
[Webpacker] Compiled all packs in /home/haunguyrn/ruby/Project_Backup/public/packs
Completed 200 OK in 4016ms (Views: 4015.8ms)


Started GET "/order-comparer/index" for ::1 at 2019-11-02 19:54:23 +0700
Processing by OrderComparersController#index as HTML
  Rendering order_comparers/index.html.slim within layouts/application
  Rendered order_comparers/index.html.slim within layouts/application (1.1ms)
Completed 200 OK in 45ms (Views: 44.5ms)


Started GET "/order-comparer/index" for ::1 at 2019-11-02 19:54:25 +0700
Processing by OrderComparersController#index as HTML
  Rendering order_comparers/index.html.slim within layouts/application
  Rendered order_comparers/index.html.slim within layouts/application (1.2ms)
Completed 200 OK in 34ms (Views: 33.4ms)


Started GET "/order-comparer/index" for ::1 at 2019-11-02 19:54:29 +0700
Processing by OrderComparersController#index as HTML
  Rendering order_comparers/index.html.slim within layouts/application
  Rendered order_comparers/index.html.slim within layouts/application (1.2ms)
Completed 200 OK in 42ms (Views: 41.5ms)


Started GET "/order-comparer/index" for ::1 at 2019-11-02 19:54:30 +0700
Processing by OrderComparersController#index as HTML
  Rendering order_comparers/index.html.slim within layouts/application
  Rendered order_comparers/index.html.slim within layouts/application (1.2ms)
Completed 200 OK in 35ms (Views: 34.7ms)


Started GET "/order-comparer/index" for ::1 at 2019-11-02 19:54:31 +0700
Processing by OrderComparersController#index as HTML
  Rendering order_comparers/index.html.slim within layouts/application
  Rendered order_comparers/index.html.slim within layouts/application (1.1ms)
Completed 200 OK in 33ms (Views: 32.7ms)


Started GET "/order-comparer/index" for ::1 at 2019-11-02 19:54:33 +0700
Processing by OrderComparersController#index as HTML
  Rendering order_comparers/index.html.slim within layouts/application
  Rendered order_comparers/index.html.slim within layouts/application (4.7ms)
Completed 200 OK in 63ms (Views: 61.8ms)


Started GET "/order-comparer/index" for ::1 at 2019-11-02 19:54:35 +0700
Processing by OrderComparersController#index as HTML
  Rendering order_comparers/index.html.slim within layouts/application
  Rendered order_comparers/index.html.slim within layouts/application (1.1ms)
Completed 200 OK in 37ms (Views: 36.3ms)


Started GET "/order-comparer/index" for ::1 at 2019-11-02 19:54:37 +0700
Processing by OrderComparersController#index as HTML
  Rendering order_comparers/index.html.slim within layouts/application
  Rendered order_comparers/index.html.slim within layouts/application (4.6ms)
Completed 200 OK in 61ms (Views: 59.9ms)


Started GET "/" for ::1 at 2019-11-02 19:55:11 +0700
Processing by HomeController#index as HTML
Redirected to http://localhost:3000/order-comparer/index
Completed 302 Found in 1ms


Started GET "/order-comparer/index" for ::1 at 2019-11-02 19:55:11 +0700
Processing by OrderComparersController#index as HTML
  Rendering order_comparers/index.html.slim within layouts/application
  Rendered order_comparers/index.html.slim within layouts/application (2.5ms)
Completed 200 OK in 45ms (Views: 44.3ms)


Started GET "/order-comparer/index" for ::1 at 2019-11-02 20:00:58 +0700
Processing by OrderComparersController#index as HTML
  Rendering order_comparers/index.html.slim within layouts/application
  Rendered order_comparers/index.html.slim within layouts/application (4.8ms)
[Webpacker] Compiling…
[Webpacker] Compiled all packs in /home/haunguyrn/ruby/Project_Backup/public/packs
Completed 200 OK in 3995ms (Views: 3993.6ms)


Started GET "/order-comparer/index" for ::1 at 2019-11-02 20:02:47 +0700
Processing by OrderComparersController#index as HTML
  Rendering order_comparers/index.html.slim within layouts/application
  Rendered order_comparers/index.html.slim within layouts/application (1.1ms)
[Webpacker] Compiling…
[Webpacker] Compiled all packs in /home/haunguyrn/ruby/Project_Backup/public/packs
Completed 200 OK in 3912ms (Views: 3911.7ms)


Started GET "/order-comparer/index" for ::1 at 2019-11-02 20:06:31 +0700
Processing by OrderComparersController#index as HTML
  Rendering order_comparers/index.html.slim within layouts/application
  Rendered order_comparers/index.html.slim within layouts/application (1.2ms)
[Webpacker] Compiling…
[Webpacker] Compiled all packs in /home/haunguyrn/ruby/Project_Backup/public/packs
Completed 200 OK in 3915ms (Views: 3914.2ms)


Started GET "/order-comparer/index" for ::1 at 2019-11-02 20:10:22 +0700
Processing by OrderComparersController#index as HTML
  Rendering order_comparers/index.html.slim within layouts/application
  Rendered order_comparers/index.html.slim within layouts/application (2.5ms)
[Webpacker] Compiling…
[Webpacker] Compiled all packs in /home/haunguyrn/ruby/Project_Backup/public/packs
Completed 200 OK in 4024ms (Views: 4023.5ms)


Started GET "/order-comparer/index" for ::1 at 2019-11-02 20:11:51 +0700
Processing by OrderComparersController#index as HTML
  Rendering order_comparers/index.html.slim within layouts/application
  Rendered order_comparers/index.html.slim within layouts/application (1.1ms)
[Webpacker] Compiling…
[Webpacker] Compiled all packs in /home/haunguyrn/ruby/Project_Backup/public/packs
Completed 200 OK in 3973ms (Views: 3972.3ms)


Started GET "/order-comparer/index" for ::1 at 2019-11-02 20:12:17 +0700
Processing by OrderComparersController#index as HTML
  Rendering order_comparers/index.html.slim within layouts/application
  Rendered order_comparers/index.html.slim within layouts/application (1.2ms)
[Webpacker] Compiling…
[Webpacker] Compiled all packs in /home/haunguyrn/ruby/Project_Backup/public/packs
Completed 200 OK in 4040ms (Views: 4039.3ms)


Started GET "/order-comparer/index" for ::1 at 2019-11-02 20:13:22 +0700
Processing by OrderComparersController#index as HTML
  Rendering order_comparers/index.html.slim within layouts/application
  Rendered order_comparers/index.html.slim within layouts/application (1.3ms)
[Webpacker] Compiling…
[Webpacker] Compilation failed:

Completed 200 OK in 4038ms (Views: 4038.1ms)


Started GET "/order-comparer/index" for ::1 at 2019-11-02 20:14:10 +0700
Processing by OrderComparersController#index as HTML
  Rendering order_comparers/index.html.slim within layouts/application
  Rendered order_comparers/index.html.slim within layouts/application (1.2ms)
[Webpacker] Compiling…
[Webpacker] Compilation failed:

Completed 200 OK in 4053ms (Views: 4052.5ms)


Started GET "/order-comparer/index" for ::1 at 2019-11-02 20:14:30 +0700
Processing by OrderComparersController#index as HTML
  Rendering order_comparers/index.html.slim within layouts/application
  Rendered order_comparers/index.html.slim within layouts/application (1.2ms)
[Webpacker] Compiling…
[Webpacker] Compilation failed:

Completed 200 OK in 4058ms (Views: 4057.2ms)


Started GET "/order-comparer/index" for ::1 at 2019-11-02 20:14:47 +0700
Processing by OrderComparersController#index as HTML
  Rendering order_comparers/index.html.slim within layouts/application
  Rendered order_comparers/index.html.slim within layouts/application (2.2ms)
Completed 200 OK in 46ms (Views: 45.7ms)


Started GET "/order-comparer/index" for ::1 at 2019-11-02 20:14:49 +0700
Processing by OrderComparersController#index as HTML
  Rendering order_comparers/index.html.slim within layouts/application
  Rendered order_comparers/index.html.slim within layouts/application (1.2ms)
Completed 200 OK in 33ms (Views: 32.7ms)


Started GET "/order-comparer/index" for ::1 at 2019-11-02 20:15:04 +0700
Processing by OrderComparersController#index as HTML
  Rendering order_comparers/index.html.slim within layouts/application
  Rendered order_comparers/index.html.slim within layouts/application (1.2ms)
[Webpacker] Compiling…
[Webpacker] Compiled all packs in /home/haunguyrn/ruby/Project_Backup/public/packs
Completed 200 OK in 4013ms (Views: 4013.1ms)


Started GET "/order-comparer/index" for ::1 at 2019-11-02 20:15:48 +0700
Processing by OrderComparersController#index as HTML
  Rendering order_comparers/index.html.slim within layouts/application
  Rendered order_comparers/index.html.slim within layouts/application (1.3ms)
[Webpacker] Compiling…
[Webpacker] Compiled all packs in /home/haunguyrn/ruby/Project_Backup/public/packs
Completed 200 OK in 3993ms (Views: 3992.8ms)


Started GET "/order-comparer/index" for ::1 at 2019-11-02 20:16:46 +0700
Processing by OrderComparersController#index as HTML
  Rendering order_comparers/index.html.slim within layouts/application
  Rendered order_comparers/index.html.slim within layouts/application (1.1ms)
[Webpacker] Compiling…
[Webpacker] Compilation failed:

Completed 200 OK in 4051ms (Views: 4050.6ms)


Started GET "/order-comparer/index" for ::1 at 2019-11-02 20:18:59 +0700
Processing by OrderComparersController#index as HTML
  Rendering order_comparers/index.html.slim within layouts/application
  Rendered order_comparers/index.html.slim within layouts/application (1.4ms)
[Webpacker] Compiling…
[Webpacker] Compiled all packs in /home/haunguyrn/ruby/Project_Backup/public/packs
Completed 200 OK in 4064ms (Views: 4063.2ms)


Started GET "/order-comparer/index" for ::1 at 2019-11-02 20:19:36 +0700
Processing by OrderComparersController#index as HTML
  Rendering order_comparers/index.html.slim within layouts/application
  Rendered order_comparers/index.html.slim within layouts/application (1.7ms)
[Webpacker] Compiling…
[Webpacker] Compiled all packs in /home/haunguyrn/ruby/Project_Backup/public/packs
Completed 200 OK in 4074ms (Views: 4073.2ms)


Started GET "/order-comparer/index" for ::1 at 2019-11-02 20:38:35 +0700
Processing by OrderComparersController#index as HTML
  Rendering order_comparers/index.html.slim within layouts/application
  Rendered order_comparers/index.html.slim within layouts/application (3.2ms)
[Webpacker] Compiling…
[Webpacker] Compiled all packs in /home/haunguyrn/ruby/Project_Backup/public/packs
Completed 200 OK in 4019ms (Views: 4018.3ms)


Started GET "/order-comparer/index" for ::1 at 2019-11-02 20:40:29 +0700
Processing by OrderComparersController#index as HTML
  Rendering order_comparers/index.html.slim within layouts/application
  Rendered order_comparers/index.html.slim within layouts/application (1.5ms)
[Webpacker] Compiling…
[Webpacker] Compiled all packs in /home/haunguyrn/ruby/Project_Backup/public/packs
Completed 200 OK in 3965ms (Views: 3964.6ms)


Started GET "/order-comparer/index" for ::1 at 2019-11-02 20:44:00 +0700
Processing by OrderComparersController#index as HTML
  Rendering order_comparers/index.html.slim within layouts/application
  Rendered order_comparers/index.html.slim within layouts/application (1.2ms)
[Webpacker] Compiling…
[Webpacker] Compiled all packs in /home/haunguyrn/ruby/Project_Backup/public/packs
Completed 200 OK in 4007ms (Views: 4006.8ms)


Started GET "/order-comparer/index" for ::1 at 2019-11-02 20:52:36 +0700
Processing by OrderComparersController#index as HTML
  Rendering order_comparers/index.html.slim within layouts/application
  Rendered order_comparers/index.html.slim within layouts/application (1.1ms)
[Webpacker] Compiling…
[Webpacker] Compiled all packs in /home/haunguyrn/ruby/Project_Backup/public/packs
Completed 200 OK in 4005ms (Views: 4004.2ms)


Started GET "/order-comparer/index" for ::1 at 2019-11-02 21:00:49 +0700
Processing by OrderComparersController#index as HTML
  Rendering order_comparers/index.html.slim within layouts/application
  Rendered order_comparers/index.html.slim within layouts/application (4.8ms)
[Webpacker] Compiling…
[Webpacker] Compiled all packs in /home/haunguyrn/ruby/Project_Backup/public/packs
Completed 200 OK in 4048ms (Views: 4046.8ms)


Started GET "/order-comparer/index" for ::1 at 2019-11-02 21:01:24 +0700
Processing by OrderComparersController#index as HTML
  Rendering order_comparers/index.html.slim within layouts/application
  Rendered order_comparers/index.html.slim within layouts/application (1.3ms)
[Webpacker] Compiling…
[Webpacker] Compiled all packs in /home/haunguyrn/ruby/Project_Backup/public/packs
Completed 200 OK in 4043ms (Views: 4043.0ms)


Started GET "/order-comparer/index" for ::1 at 2019-11-02 21:02:24 +0700
Processing by OrderComparersController#index as HTML
  Rendering order_comparers/index.html.slim within layouts/application
  Rendered order_comparers/index.html.slim within layouts/application (1.1ms)
[Webpacker] Compiling…
[Webpacker] Compiled all packs in /home/haunguyrn/ruby/Project_Backup/public/packs
Completed 200 OK in 3971ms (Views: 3970.7ms)


Started GET "/order-comparer/index" for ::1 at 2019-11-02 21:02:37 +0700
Processing by OrderComparersController#index as HTML
  Rendering order_comparers/index.html.slim within layouts/application
  Rendered order_comparers/index.html.slim within layouts/application (3.4ms)
Completed 200 OK in 72ms (Views: 71.4ms)


Started GET "/order-comparer/index" for ::1 at 2019-11-02 21:03:00 +0700
Processing by OrderComparersController#index as HTML
  Rendering order_comparers/index.html.slim within layouts/application
  Rendered order_comparers/index.html.slim within layouts/application (1.1ms)
[Webpacker] Compiling…
[Webpacker] Compiled all packs in /home/haunguyrn/ruby/Project_Backup/public/packs
Completed 200 OK in 4160ms (Views: 4159.9ms)


Started GET "/order-comparer/index" for ::1 at 2019-11-02 21:03:32 +0700
Processing by OrderComparersController#index as HTML
  Rendering order_comparers/index.html.slim within layouts/application
  Rendered order_comparers/index.html.slim within layouts/application (1.3ms)
[Webpacker] Compiling…
[Webpacker] Compiled all packs in /home/haunguyrn/ruby/Project_Backup/public/packs
Completed 200 OK in 4111ms (Views: 4110.5ms)


Started GET "/order-comparer/index" for ::1 at 2019-11-02 21:03:59 +0700
Processing by OrderComparersController#index as HTML
  Rendering order_comparers/index.html.slim within layouts/application
  Rendered order_comparers/index.html.slim within layouts/application (1.1ms)
[Webpacker] Compiling…
[Webpacker] Compiled all packs in /home/haunguyrn/ruby/Project_Backup/public/packs
Completed 200 OK in 4036ms (Views: 4035.7ms)


Started GET "/order-comparer/index" for ::1 at 2019-11-02 21:04:45 +0700
Processing by OrderComparersController#index as HTML
  Rendering order_comparers/index.html.slim within layouts/application
  Rendered order_comparers/index.html.slim within layouts/application (6.7ms)
[Webpacker] Compiling…
[Webpacker] Compiled all packs in /home/haunguyrn/ruby/Project_Backup/public/packs
Completed 200 OK in 3959ms (Views: 3957.8ms)


Started GET "/order-comparer/index" for ::1 at 2019-11-02 21:07:12 +0700
Processing by OrderComparersController#index as HTML
  Rendering order_comparers/index.html.slim within layouts/application
  Rendered order_comparers/index.html.slim within layouts/application (1.2ms)
[Webpacker] Compiling…
[Webpacker] Compiled all packs in /home/haunguyrn/ruby/Project_Backup/public/packs
Completed 200 OK in 4049ms (Views: 4049.1ms)


Started GET "/order-comparer/index" for ::1 at 2019-11-02 21:19:13 +0700
Processing by OrderComparersController#index as HTML
  Rendering order_comparers/index.html.slim within layouts/application
  Rendered order_comparers/index.html.slim within layouts/application (1.2ms)
[Webpacker] Compiling…
[Webpacker] Compiled all packs in /home/haunguyrn/ruby/Project_Backup/public/packs
Completed 200 OK in 4014ms (Views: 4013.2ms)


Started GET "/order-comparer/index" for ::1 at 2019-11-02 21:21:36 +0700
Processing by OrderComparersController#index as HTML
  Rendering order_comparers/index.html.slim within layouts/application
  Rendered order_comparers/index.html.slim within layouts/application (1.0ms)
[Webpacker] Compiling…
[Webpacker] Compiled all packs in /home/haunguyrn/ruby/Project_Backup/public/packs
Completed 200 OK in 4001ms (Views: 4000.2ms)


Started GET "/order-comparer/index" for ::1 at 2019-11-02 21:22:09 +0700
Processing by OrderComparersController#index as HTML
  Rendering order_comparers/index.html.slim within layouts/application
  Rendered order_comparers/index.html.slim within layouts/application (1.2ms)
Completed 200 OK in 37ms (Views: 36.9ms)


Started GET "/order-comparer/index" for ::1 at 2019-11-02 21:22:37 +0700
Processing by OrderComparersController#index as HTML
  Rendering order_comparers/index.html.slim within layouts/application
  Rendered order_comparers/index.html.slim within layouts/application (1.1ms)
[Webpacker] Compiling…
[Webpacker] Compiled all packs in /home/haunguyrn/ruby/Project_Backup/public/packs
Completed 200 OK in 4009ms (Views: 4008.9ms)


Started GET "/order-comparer/index" for ::1 at 2019-11-02 21:24:18 +0700
Processing by OrderComparersController#index as HTML
  Rendering order_comparers/index.html.slim within layouts/application
  Rendered order_comparers/index.html.slim within layouts/application (1.2ms)
Completed 200 OK in 35ms (Views: 34.9ms)


Started GET "/order-comparer/index" for ::1 at 2019-11-02 21:30:06 +0700
Processing by OrderComparersController#index as HTML
  Rendering order_comparers/index.html.slim within layouts/application
  Rendered order_comparers/index.html.slim within layouts/application (2.2ms)
[Webpacker] Compiling…
[Webpacker] Compiled all packs in /home/haunguyrn/ruby/Project_Backup/public/packs
Completed 200 OK in 4103ms (Views: 4102.7ms)


Started GET "/order-comparer/index" for ::1 at 2019-11-02 21:31:34 +0700
Processing by OrderComparersController#index as HTML
  Rendering order_comparers/index.html.slim within layouts/application
  Rendered order_comparers/index.html.slim within layouts/application (1.3ms)
[Webpacker] Compiling…
[Webpacker] Compilation failed:

Completed 200 OK in 3901ms (Views: 3900.9ms)


Started GET "/order-comparer/index" for ::1 at 2019-11-02 21:31:44 +0700
Processing by OrderComparersController#index as HTML
  Rendering order_comparers/index.html.slim within layouts/application
  Rendered order_comparers/index.html.slim within layouts/application (1.2ms)
[Webpacker] Compiling…
[Webpacker] Compilation failed:

Completed 200 OK in 3933ms (Views: 3933.1ms)


Started GET "/order-comparer/index" for ::1 at 2019-11-02 21:36:45 +0700
Processing by OrderComparersController#index as HTML
  Rendering order_comparers/index.html.slim within layouts/application
  Rendered order_comparers/index.html.slim within layouts/application (4.8ms)
[Webpacker] Compiling…
[Webpacker] Compiled all packs in /home/haunguyrn/ruby/Project_Backup/public/packs
Completed 200 OK in 4083ms (Views: 4081.6ms)


Started GET "/order-comparer/index" for ::1 at 2019-11-02 21:37:04 +0700
Processing by OrderComparersController#index as HTML
  Rendering order_comparers/index.html.slim within layouts/application
  Rendered order_comparers/index.html.slim within layouts/application (1.2ms)
[Webpacker] Compiling…
[Webpacker] Compiled all packs in /home/haunguyrn/ruby/Project_Backup/public/packs
Completed 200 OK in 3975ms (Views: 3974.3ms)


Started GET "/order-comparer/index" for ::1 at 2019-11-02 21:39:13 +0700
Processing by OrderComparersController#index as HTML
  Rendering order_comparers/index.html.slim within layouts/application
  Rendered order_comparers/index.html.slim within layouts/application (4.9ms)
[Webpacker] Compiling…
[Webpacker] Compiled all packs in /home/haunguyrn/ruby/Project_Backup/public/packs
Completed 200 OK in 4053ms (Views: 4052.3ms)


Started GET "/order-comparer/index" for ::1 at 2019-11-02 21:40:10 +0700
Processing by OrderComparersController#index as HTML
  Rendering order_comparers/index.html.slim within layouts/application
  Rendered order_comparers/index.html.slim within layouts/application (4.6ms)
[Webpacker] Compiling…
[Webpacker] Compiled all packs in /home/haunguyrn/ruby/Project_Backup/public/packs
Completed 200 OK in 3999ms (Views: 3998.1ms)


Started GET "/order-comparer/index" for ::1 at 2019-11-02 21:42:15 +0700
Processing by OrderComparersController#index as HTML
  Rendering order_comparers/index.html.slim within layouts/application
  Rendered order_comparers/index.html.slim within layouts/application (1.1ms)
[Webpacker] Compiling…
[Webpacker] Compiled all packs in /home/haunguyrn/ruby/Project_Backup/public/packs
Completed 200 OK in 3943ms (Views: 3942.6ms)


Started GET "/order-comparer/index" for ::1 at 2019-11-02 21:48:56 +0700
Processing by OrderComparersController#index as HTML
  Rendering order_comparers/index.html.slim within layouts/application
  Rendered order_comparers/index.html.slim within layouts/application (5.4ms)
[Webpacker] Compiling…
[Webpacker] Compiled all packs in /home/haunguyrn/ruby/Project_Backup/public/packs
Completed 200 OK in 4032ms (Views: 4031.1ms)


Started GET "/order-comparer/index" for ::1 at 2019-11-02 21:53:41 +0700
Processing by OrderComparersController#index as HTML
  Rendering order_comparers/index.html.slim within layouts/application
  Rendered order_comparers/index.html.slim within layouts/application (3.3ms)
Completed 200 OK in 49ms (Views: 48.3ms)


Started GET "/order-comparer/index" for ::1 at 2019-11-02 21:54:06 +0700
Processing by OrderComparersController#index as HTML
  Rendering order_comparers/index.html.slim within layouts/application
  Rendered order_comparers/index.html.slim within layouts/application (1.1ms)
[Webpacker] Compiling…
[Webpacker] Compiled all packs in /home/haunguyrn/ruby/Project_Backup/public/packs
Completed 200 OK in 4011ms (Views: 4010.8ms)


Started GET "/order-comparer/index" for ::1 at 2019-11-03 17:18:34 +0700
Processing by OrderComparersController#index as HTML
  Rendering order_comparers/index.html.slim within layouts/application
  Rendered order_comparers/index.html.slim within layouts/application (4.7ms)
[Webpacker] Compiling…
[Webpacker] Compiled all packs in /home/haunguyrn/ruby/Project_Backup/public/packs
Completed 200 OK in 4118ms (Views: 4116.5ms)


Started GET "/order-comparer/index" for ::1 at 2019-11-03 17:19:34 +0700
Processing by OrderComparersController#index as HTML
  Rendering order_comparers/index.html.slim within layouts/application
  Rendered order_comparers/index.html.slim within layouts/application (1.2ms)
[Webpacker] Compiling…
[Webpacker] Compiled all packs in /home/haunguyrn/ruby/Project_Backup/public/packs
Completed 200 OK in 4055ms (Views: 4054.8ms)


Started GET "/order-comparer/index" for ::1 at 2019-11-03 17:19:50 +0700
Processing by OrderComparersController#index as HTML
  Rendering order_comparers/index.html.slim within layouts/application
  Rendered order_comparers/index.html.slim within layouts/application (4.7ms)
[Webpacker] Compiling…
[Webpacker] Compiled all packs in /home/haunguyrn/ruby/Project_Backup/public/packs
Completed 200 OK in 4173ms (Views: 4171.8ms)


Started GET "/order-comparer/index" for ::1 at 2019-11-03 17:20:03 +0700
Processing by OrderComparersController#index as HTML
  Rendering order_comparers/index.html.slim within layouts/application
  Rendered order_comparers/index.html.slim within layouts/application (1.2ms)
[Webpacker] Compiling…
[Webpacker] Compiled all packs in /home/haunguyrn/ruby/Project_Backup/public/packs
Completed 200 OK in 4055ms (Views: 4054.2ms)


Started GET "/order-comparer/index" for ::1 at 2019-11-03 17:21:31 +0700
Processing by OrderComparersController#index as HTML
  Rendering order_comparers/index.html.slim within layouts/application
  Rendered order_comparers/index.html.slim within layouts/application (1.1ms)
[Webpacker] Compiling…
[Webpacker] Compiled all packs in /home/haunguyrn/ruby/Project_Backup/public/packs
Completed 200 OK in 4066ms (Views: 4065.6ms)


Started GET "/order-comparer/index" for ::1 at 2019-11-03 17:25:33 +0700
Processing by OrderComparersController#index as HTML
  Rendering order_comparers/index.html.slim within layouts/application
  Rendered order_comparers/index.html.slim within layouts/application (1.2ms)
[Webpacker] Compiling…
[Webpacker] Compiled all packs in /home/haunguyrn/ruby/Project_Backup/public/packs
Completed 200 OK in 4022ms (Views: 4021.8ms)


Started GET "/order-comparer/index" for ::1 at 2019-11-03 17:25:46 +0700
Processing by OrderComparersController#index as HTML
  Rendering order_comparers/index.html.slim within layouts/application
  Rendered order_comparers/index.html.slim within layouts/application (2.6ms)
[Webpacker] Compiling…
[Webpacker] Compiled all packs in /home/haunguyrn/ruby/Project_Backup/public/packs
Completed 200 OK in 4078ms (Views: 4077.6ms)


Started GET "/order-comparer/index" for ::1 at 2019-11-03 17:26:44 +0700
Processing by OrderComparersController#index as HTML
  Rendering order_comparers/index.html.slim within layouts/application
  Rendered order_comparers/index.html.slim within layouts/application (1.2ms)
[Webpacker] Compiling…
[Webpacker] Compiled all packs in /home/haunguyrn/ruby/Project_Backup/public/packs
Completed 200 OK in 4030ms (Views: 4030.0ms)


Started GET "/order-comparer/index" for ::1 at 2019-11-03 17:27:05 +0700
Processing by OrderComparersController#index as HTML
  Rendering order_comparers/index.html.slim within layouts/application
  Rendered order_comparers/index.html.slim within layouts/application (3.4ms)
[Webpacker] Compiling…
[Webpacker] Compiled all packs in /home/haunguyrn/ruby/Project_Backup/public/packs
Completed 200 OK in 3989ms (Views: 3987.8ms)


Started GET "/order-comparer/index" for ::1 at 2019-11-03 17:28:19 +0700
Processing by OrderComparersController#index as HTML
  Rendering order_comparers/index.html.slim within layouts/application
  Rendered order_comparers/index.html.slim within layouts/application (1.2ms)
[Webpacker] Compiling…
[Webpacker] Compiled all packs in /home/haunguyrn/ruby/Project_Backup/public/packs
Completed 200 OK in 4112ms (Views: 4111.2ms)


Started GET "/order-comparer/index" for ::1 at 2019-11-03 17:29:54 +0700
Processing by OrderComparersController#index as HTML
  Rendering order_comparers/index.html.slim within layouts/application
  Rendered order_comparers/index.html.slim within layouts/application (1.0ms)
[Webpacker] Compiling…
[Webpacker] Compiled all packs in /home/haunguyrn/ruby/Project_Backup/public/packs
Completed 200 OK in 4051ms (Views: 4050.5ms)


Started GET "/order-comparer/index" for ::1 at 2019-11-03 17:31:06 +0700
Processing by OrderComparersController#index as HTML
  Rendering order_comparers/index.html.slim within layouts/application
  Rendered order_comparers/index.html.slim within layouts/application (1.0ms)
[Webpacker] Compiling…
[Webpacker] Compiled all packs in /home/haunguyrn/ruby/Project_Backup/public/packs
Completed 200 OK in 4049ms (Views: 4048.9ms)


Started GET "/order-comparer/index" for ::1 at 2019-11-03 17:32:35 +0700
Processing by OrderComparersController#index as HTML
  Rendering order_comparers/index.html.slim within layouts/application
  Rendered order_comparers/index.html.slim within layouts/application (1.2ms)
[Webpacker] Compiling…
[Webpacker] Compiled all packs in /home/haunguyrn/ruby/Project_Backup/public/packs
Completed 200 OK in 4027ms (Views: 4026.4ms)


Started GET "/order-comparer/index" for ::1 at 2019-11-03 17:32:44 +0700
Processing by OrderComparersController#index as HTML
  Rendering order_comparers/index.html.slim within layouts/application
  Rendered order_comparers/index.html.slim within layouts/application (1.2ms)
[Webpacker] Compiling…
[Webpacker] Compiled all packs in /home/haunguyrn/ruby/Project_Backup/public/packs
Completed 200 OK in 4089ms (Views: 4088.2ms)


Started GET "/order-comparer/index" for ::1 at 2019-11-03 17:33:02 +0700
Processing by OrderComparersController#index as HTML
  Rendering order_comparers/index.html.slim within layouts/application
  Rendered order_comparers/index.html.slim within layouts/application (4.7ms)
[Webpacker] Compiling…
[Webpacker] Compiled all packs in /home/haunguyrn/ruby/Project_Backup/public/packs
Completed 200 OK in 3961ms (Views: 3959.7ms)


Started GET "/order-comparer/index" for ::1 at 2019-11-03 17:33:59 +0700
Processing by OrderComparersController#index as HTML
  Rendering order_comparers/index.html.slim within layouts/application
  Rendered order_comparers/index.html.slim within layouts/application (4.8ms)
[Webpacker] Compiling…
[Webpacker] Compiled all packs in /home/haunguyrn/ruby/Project_Backup/public/packs
Completed 200 OK in 4078ms (Views: 4076.5ms)


Started GET "/order-comparer/index" for ::1 at 2019-11-03 17:34:18 +0700
Processing by OrderComparersController#index as HTML
  Rendering order_comparers/index.html.slim within layouts/application
  Rendered order_comparers/index.html.slim within layouts/application (4.8ms)
[Webpacker] Compiling…
[Webpacker] Compiled all packs in /home/haunguyrn/ruby/Project_Backup/public/packs
Completed 200 OK in 4139ms (Views: 4138.0ms)


Started GET "/order-comparer/index" for ::1 at 2019-11-03 17:35:32 +0700
Processing by OrderComparersController#index as HTML
  Rendering order_comparers/index.html.slim within layouts/application
  Rendered order_comparers/index.html.slim within layouts/application (10.5ms)
[Webpacker] Compiling…
[Webpacker] Compiled all packs in /home/haunguyrn/ruby/Project_Backup/public/packs
Completed 200 OK in 4071ms (Views: 4070.6ms)


Started GET "/order-comparer/index" for ::1 at 2019-11-03 17:44:01 +0700
Processing by OrderComparersController#index as HTML
  Rendering order_comparers/index.html.slim within layouts/application
  Rendered order_comparers/index.html.slim within layouts/application (1.1ms)
[Webpacker] Compiling…
[Webpacker] Compiled all packs in /home/haunguyrn/ruby/Project_Backup/public/packs
Completed 200 OK in 4118ms (Views: 4117.9ms)


Started GET "/order-comparer/index" for ::1 at 2019-11-03 17:44:23 +0700
Processing by OrderComparersController#index as HTML
  Rendering order_comparers/index.html.slim within layouts/application
  Rendered order_comparers/index.html.slim within layouts/application (4.9ms)
[Webpacker] Compiling…
[Webpacker] Compiled all packs in /home/haunguyrn/ruby/Project_Backup/public/packs
Completed 200 OK in 4071ms (Views: 4069.6ms)


Started GET "/order-comparer/index" for ::1 at 2019-11-03 17:46:06 +0700
Processing by OrderComparersController#index as HTML
  Rendering order_comparers/index.html.slim within layouts/application
  Rendered order_comparers/index.html.slim within layouts/application (1.2ms)
[Webpacker] Compiling…
[Webpacker] Compiled all packs in /home/haunguyrn/ruby/Project_Backup/public/packs
Completed 200 OK in 4037ms (Views: 4036.5ms)


Started GET "/order-comparer/index" for ::1 at 2019-11-03 17:47:30 +0700
Processing by OrderComparersController#index as HTML
  Rendering order_comparers/index.html.slim within layouts/application
  Rendered order_comparers/index.html.slim within layouts/application (1.2ms)
[Webpacker] Compiling…
[Webpacker] Compiled all packs in /home/haunguyrn/ruby/Project_Backup/public/packs
Completed 200 OK in 4079ms (Views: 4079.0ms)


Started GET "/order-comparer/index" for ::1 at 2019-11-03 17:48:29 +0700
Processing by OrderComparersController#index as HTML
  Rendering order_comparers/index.html.slim within layouts/application
  Rendered order_comparers/index.html.slim within layouts/application (1.1ms)
[Webpacker] Compiling…
[Webpacker] Compiled all packs in /home/haunguyrn/ruby/Project_Backup/public/packs
Completed 200 OK in 4120ms (Views: 4119.3ms)


Started GET "/order-comparer/index" for ::1 at 2019-11-03 17:48:38 +0700
Processing by OrderComparersController#index as HTML
  Rendering order_comparers/index.html.slim within layouts/application
  Rendered order_comparers/index.html.slim within layouts/application (1.1ms)
[Webpacker] Compiling…
[Webpacker] Compiled all packs in /home/haunguyrn/ruby/Project_Backup/public/packs
Completed 200 OK in 4101ms (Views: 4100.5ms)


Started GET "/order-comparer/index" for ::1 at 2019-11-03 17:49:29 +0700
Processing by OrderComparersController#index as HTML
  Rendering order_comparers/index.html.slim within layouts/application
  Rendered order_comparers/index.html.slim within layouts/application (1.2ms)
[Webpacker] Compiling…
[Webpacker] Compiled all packs in /home/haunguyrn/ruby/Project_Backup/public/packs
Completed 200 OK in 4073ms (Views: 4072.9ms)


Started GET "/__open-in-editor?file=app/javascript/app.vue" for ::1 at 2019-11-03 17:50:15 +0700
  
ActionController::RoutingError (No route matches [GET] "/__open-in-editor"):
  
actionpack (5.1.7) lib/action_dispatch/middleware/debug_exceptions.rb:63:in `call'
web-console (3.7.0) lib/web_console/middleware.rb:135:in `call_app'
web-console (3.7.0) lib/web_console/middleware.rb:30:in `block in call'
web-console (3.7.0) lib/web_console/middleware.rb:20:in `catch'
web-console (3.7.0) lib/web_console/middleware.rb:20:in `call'
actionpack (5.1.7) lib/action_dispatch/middleware/show_exceptions.rb:31:in `call'
railties (5.1.7) lib/rails/rack/logger.rb:36:in `call_app'
railties (5.1.7) lib/rails/rack/logger.rb:24:in `block in call'
activesupport (5.1.7) lib/active_support/tagged_logging.rb:69:in `block in tagged'
activesupport (5.1.7) lib/active_support/tagged_logging.rb:26:in `tagged'
activesupport (5.1.7) lib/active_support/tagged_logging.rb:69:in `tagged'
railties (5.1.7) lib/rails/rack/logger.rb:24:in `call'
sprockets-rails (3.2.1) lib/sprockets/rails/quiet_assets.rb:13:in `call'
actionpack (5.1.7) lib/action_dispatch/middleware/remote_ip.rb:79:in `call'
actionpack (5.1.7) lib/action_dispatch/middleware/request_id.rb:25:in `call'
rack (2.0.7) lib/rack/method_override.rb:22:in `call'
rack (2.0.7) lib/rack/runtime.rb:22:in `call'
activesupport (5.1.7) lib/active_support/cache/strategy/local_cache_middleware.rb:27:in `call'
actionpack (5.1.7) lib/action_dispatch/middleware/executor.rb:12:in `call'
actionpack (5.1.7) lib/action_dispatch/middleware/static.rb:125:in `call'
rack (2.0.7) lib/rack/sendfile.rb:111:in `call'
webpacker (4.0.7) lib/webpacker/dev_server_proxy.rb:29:in `perform_request'
rack-proxy (0.6.5) lib/rack/proxy.rb:57:in `call'
railties (5.1.7) lib/rails/engine.rb:522:in `call'
puma (3.12.1) lib/puma/configuration.rb:227:in `call'
puma (3.12.1) lib/puma/server.rb:660:in `handle_request'
puma (3.12.1) lib/puma/server.rb:474:in `process_client'
puma (3.12.1) lib/puma/server.rb:334:in `block in run'
puma (3.12.1) lib/puma/thread_pool.rb:135:in `block in spawn_thread'
Started GET "/order-comparer/index" for ::1 at 2019-11-03 17:52:47 +0700
Processing by OrderComparersController#index as HTML
  Rendering order_comparers/index.html.slim within layouts/application
  Rendered order_comparers/index.html.slim within layouts/application (1.2ms)
[Webpacker] Compiling…
[Webpacker] Compiled all packs in /home/haunguyrn/ruby/Project_Backup/public/packs
Completed 200 OK in 4001ms (Views: 4000.9ms)


Started GET "/order-comparer/index" for ::1 at 2019-11-03 17:55:26 +0700
Processing by OrderComparersController#index as HTML
  Rendering order_comparers/index.html.slim within layouts/application
  Rendered order_comparers/index.html.slim within layouts/application (1.6ms)
[Webpacker] Compiling…
[Webpacker] Compiled all packs in /home/haunguyrn/ruby/Project_Backup/public/packs
Completed 200 OK in 3967ms (Views: 3966.8ms)


Started GET "/order-comparer/index" for ::1 at 2019-11-03 17:57:22 +0700
Processing by OrderComparersController#index as HTML
  Rendering order_comparers/index.html.slim within layouts/application
  Rendered order_comparers/index.html.slim within layouts/application (1.2ms)
[Webpacker] Compiling…
[Webpacker] Compiled all packs in /home/haunguyrn/ruby/Project_Backup/public/packs
Completed 200 OK in 4099ms (Views: 4098.7ms)


Started GET "/order-comparer/index" for ::1 at 2019-11-03 17:58:29 +0700
Processing by OrderComparersController#index as HTML
  Rendering order_comparers/index.html.slim within layouts/application
  Rendered order_comparers/index.html.slim within layouts/application (1.3ms)
[Webpacker] Compiling…
[Webpacker] Compiled all packs in /home/haunguyrn/ruby/Project_Backup/public/packs
Completed 200 OK in 3937ms (Views: 3937.1ms)


Started GET "/order-comparer/index" for ::1 at 2019-11-03 18:01:27 +0700
Processing by OrderComparersController#index as HTML
  Rendering order_comparers/index.html.slim within layouts/application
  Rendered order_comparers/index.html.slim within layouts/application (1.1ms)
Completed 200 OK in 47ms (Views: 46.5ms)


Started GET "/" for ::1 at 2019-11-03 18:12:44 +0700
Processing by HomeController#index as HTML
Redirected to http://localhost:3000/order-comparer/index
Completed 302 Found in 0ms


Started GET "/order-comparer/index" for ::1 at 2019-11-03 18:12:44 +0700
Processing by OrderComparersController#index as HTML
  Rendering order_comparers/index.html.slim within layouts/application
  Rendered order_comparers/index.html.slim within layouts/application (1.2ms)
[Webpacker] Compiling…
Started GET "/" for ::1 at 2019-11-03 18:12:45 +0700
Processing by HomeController#index as HTML
Redirected to http://localhost:3000/order-comparer/index
Completed 302 Found in 0ms


[Webpacker] Compiled all packs in /home/haunguyrn/ruby/Project_Backup/public/packs
Completed 200 OK in 3951ms (Views: 3950.8ms)


Started GET "/order-comparer/index" for ::1 at 2019-11-03 18:12:48 +0700
Processing by OrderComparersController#index as HTML
  Rendering order_comparers/index.html.slim within layouts/application
  Rendered order_comparers/index.html.slim within layouts/application (1.5ms)
Completed 200 OK in 55ms (Views: 54.5ms)


Started GET "/order-comparer/index" for ::1 at 2019-11-03 18:14:58 +0700
Processing by OrderComparersController#index as HTML
  Rendering order_comparers/index.html.slim within layouts/application
  Rendered order_comparers/index.html.slim within layouts/application (1.5ms)
[Webpacker] Compiling…
[Webpacker] Compiled all packs in /home/haunguyrn/ruby/Project_Backup/public/packs
Completed 200 OK in 4070ms (Views: 4069.3ms)


Started GET "/order-comparer/index" for ::1 at 2019-11-03 18:16:18 +0700
Processing by OrderComparersController#index as HTML
  Rendering order_comparers/index.html.slim within layouts/application
  Rendered order_comparers/index.html.slim within layouts/application (1.2ms)
[Webpacker] Compiling…
[Webpacker] Compiled all packs in /home/haunguyrn/ruby/Project_Backup/public/packs
Completed 200 OK in 4023ms (Views: 4022.5ms)


Started GET "/order-comparer/index" for ::1 at 2019-11-03 18:19:00 +0700
Processing by OrderComparersController#index as HTML
  Rendering order_comparers/index.html.slim within layouts/application
  Rendered order_comparers/index.html.slim within layouts/application (1.9ms)
[Webpacker] Compiling…
[Webpacker] Compiled all packs in /home/haunguyrn/ruby/Project_Backup/public/packs
Completed 200 OK in 4076ms (Views: 4076.0ms)


Started GET "/order-comparer/index" for ::1 at 2019-11-03 18:20:37 +0700
Processing by OrderComparersController#index as HTML
  Rendering order_comparers/index.html.slim within layouts/application
  Rendered order_comparers/index.html.slim within layouts/application (4.5ms)
[Webpacker] Compiling…
[Webpacker] Compiled all packs in /home/haunguyrn/ruby/Project_Backup/public/packs
Completed 200 OK in 4690ms (Views: 4623.6ms)


